<?xml version="1.0" encoding="UTF-8"?><testrun name="ModelAllTests" project="TrafficLightSystem_Sherbieny.tests" tests="9" started="9" failures="0" errors="2" ignored="0">
  <testsuite name="Model Tests" time="8.255">
    <testsuite name="Systesh Tests" time="8.255">
      <testsuite name="Systesh.tests.ButonATest" time="0.242">
        <testcase name="testActivate" classname="Systesh.tests.ButonATest" time="0.242">
          <error>java.lang.NullPointerException&#13;
	at Systesh.impl.ControllerImpl.switch_lights_buttonA(ControllerImpl.java:410)&#13;
	at Systesh.impl.ButonAImpl.activate(ButonAImpl.java:51)&#13;
	at Systesh.tests.ButonATest.testActivate(ButonATest.java:104)&#13;
	at sun.reflect.NativeMethodAccessorImpl.invoke0(Native Method)&#13;
	at sun.reflect.NativeMethodAccessorImpl.invoke(Unknown Source)&#13;
	at sun.reflect.DelegatingMethodAccessorImpl.invoke(Unknown Source)&#13;
	at java.lang.reflect.Method.invoke(Unknown Source)&#13;
	at junit.framework.TestCase.runTest(TestCase.java:176)&#13;
	at junit.framework.TestCase.runBare(TestCase.java:141)&#13;
	at junit.framework.TestResult$1.protect(TestResult.java:122)&#13;
	at junit.framework.TestResult.runProtected(TestResult.java:142)&#13;
	at junit.framework.TestResult.run(TestResult.java:125)&#13;
	at junit.framework.TestCase.run(TestCase.java:129)&#13;
	at junit.framework.TestSuite.runTest(TestSuite.java:252)&#13;
	at junit.framework.TestSuite.run(TestSuite.java:247)&#13;
	at junit.framework.TestSuite.runTest(TestSuite.java:252)&#13;
	at junit.framework.TestSuite.run(TestSuite.java:247)&#13;
	at junit.framework.TestSuite.runTest(TestSuite.java:252)&#13;
	at junit.framework.TestSuite.run(TestSuite.java:247)&#13;
	at org.junit.internal.runners.JUnit38ClassRunner.run(JUnit38ClassRunner.java:86)&#13;
	at org.eclipse.jdt.internal.junit4.runner.JUnit4TestReference.run(JUnit4TestReference.java:86)&#13;
	at org.eclipse.jdt.internal.junit.runner.TestExecution.run(TestExecution.java:38)&#13;
	at org.eclipse.jdt.internal.junit.runner.RemoteTestRunner.runTests(RemoteTestRunner.java:459)&#13;
	at org.eclipse.jdt.internal.junit.runner.RemoteTestRunner.runTests(RemoteTestRunner.java:678)&#13;
	at org.eclipse.jdt.internal.junit.runner.RemoteTestRunner.run(RemoteTestRunner.java:382)&#13;
	at org.eclipse.jdt.internal.junit.runner.RemoteTestRunner.main(RemoteTestRunner.java:192)&#13;
&#13;
</error>
        </testcase>
      </testsuite>
      <testsuite name="Systesh.tests.ControllerTest" time="8.006">
        <testcase name="testSwitch_lights_buttonA" classname="Systesh.tests.ControllerTest" time="4.001"/>
        <testcase name="testSwitch_lights_buttonB" classname="Systesh.tests.ControllerTest" time="4.002"/>
        <testcase name="testTimer_reset" classname="Systesh.tests.ControllerTest" time="0.003"/>
      </testsuite>
      <testsuite name="Systesh.tests.PedLightTest" time="0.003">
        <testcase name="testSwitch_ped_light" classname="Systesh.tests.PedLightTest" time="0.003"/>
      </testsuite>
      <testsuite name="Systesh.tests.CarLightTest" time="0.001">
        <testcase name="testSwitch_car_light" classname="Systesh.tests.CarLightTest" time="0.001"/>
      </testsuite>
      <testsuite name="Systesh.tests.TimerTest" time="0.001">
        <testcase name="testTick" classname="Systesh.tests.TimerTest" time="0.001"/>
        <testcase name="testTimer_reset" classname="Systesh.tests.TimerTest" time="0.0"/>
      </testsuite>
      <testsuite name="Systesh.tests.ButtonBTest" time="0.002">
        <testcase name="testActivate" classname="Systesh.tests.ButtonBTest" time="0.002">
          <error>java.lang.NullPointerException&#13;
	at Systesh.impl.ControllerImpl.switch_lights_buttonB(ControllerImpl.java:434)&#13;
	at Systesh.impl.ButtonBImpl.activate(ButtonBImpl.java:51)&#13;
	at Systesh.tests.ButtonBTest.testActivate(ButtonBTest.java:104)&#13;
	at sun.reflect.NativeMethodAccessorImpl.invoke0(Native Method)&#13;
	at sun.reflect.NativeMethodAccessorImpl.invoke(Unknown Source)&#13;
	at sun.reflect.DelegatingMethodAccessorImpl.invoke(Unknown Source)&#13;
	at java.lang.reflect.Method.invoke(Unknown Source)&#13;
	at junit.framework.TestCase.runTest(TestCase.java:176)&#13;
	at junit.framework.TestCase.runBare(TestCase.java:141)&#13;
	at junit.framework.TestResult$1.protect(TestResult.java:122)&#13;
	at junit.framework.TestResult.runProtected(TestResult.java:142)&#13;
	at junit.framework.TestResult.run(TestResult.java:125)&#13;
	at junit.framework.TestCase.run(TestCase.java:129)&#13;
	at junit.framework.TestSuite.runTest(TestSuite.java:252)&#13;
	at junit.framework.TestSuite.run(TestSuite.java:247)&#13;
	at junit.framework.TestSuite.runTest(TestSuite.java:252)&#13;
	at junit.framework.TestSuite.run(TestSuite.java:247)&#13;
	at junit.framework.TestSuite.runTest(TestSuite.java:252)&#13;
	at junit.framework.TestSuite.run(TestSuite.java:247)&#13;
	at org.junit.internal.runners.JUnit38ClassRunner.run(JUnit38ClassRunner.java:86)&#13;
	at org.eclipse.jdt.internal.junit4.runner.JUnit4TestReference.run(JUnit4TestReference.java:86)&#13;
	at org.eclipse.jdt.internal.junit.runner.TestExecution.run(TestExecution.java:38)&#13;
	at org.eclipse.jdt.internal.junit.runner.RemoteTestRunner.runTests(RemoteTestRunner.java:459)&#13;
	at org.eclipse.jdt.internal.junit.runner.RemoteTestRunner.runTests(RemoteTestRunner.java:678)&#13;
	at org.eclipse.jdt.internal.junit.runner.RemoteTestRunner.run(RemoteTestRunner.java:382)&#13;
	at org.eclipse.jdt.internal.junit.runner.RemoteTestRunner.main(RemoteTestRunner.java:192)&#13;
&#13;
</error>
        </testcase>
      </testsuite>
    </testsuite>
  </testsuite>
</testrun>
